TN:
SF:tests\SpecFile\e2e.spec.ts
FN:11,(anonymous_0)
FN:21,(anonymous_1)
FN:32,(anonymous_2)
FN:38,(anonymous_3)
FN:53,(anonymous_4)
FNF:5
FNH:5
FNDA:7,(anonymous_0)
FNDA:6,(anonymous_1)
FNDA:6,(anonymous_2)
FNDA:3,(anonymous_3)
FNDA:3,(anonymous_4)
DA:1,7
DA:2,7
DA:3,7
DA:4,7
DA:5,7
DA:6,7
DA:7,7
DA:8,7
DA:9,7
DA:10,7
DA:11,7
DA:19,7
DA:20,7
DA:21,7
DA:22,6
DA:23,6
DA:24,6
DA:25,6
DA:26,6
DA:27,6
DA:28,6
DA:29,6
DA:30,6
DA:32,7
DA:33,6
DA:34,6
DA:35,6
DA:36,6
DA:38,7
DA:39,3
DA:40,3
DA:41,3
DA:42,3
DA:43,3
DA:44,3
DA:45,3
DA:46,3
DA:47,3
DA:48,3
DA:49,3
DA:50,3
DA:51,3
DA:53,7
DA:54,3
DA:55,3
DA:56,3
DA:57,3
DA:58,3
DA:59,3
DA:60,3
DA:61,3
DA:62,3
DA:63,3
DA:64,3
DA:65,3
DA:66,3
LF:56
LH:56
BRF:0
BRH:0
end_of_record
TN:
SF:tests\SpecFile\login.spec.ts
FN:8,(anonymous_0)
FN:13,(anonymous_1)
FN:19,(anonymous_2)
FN:22,(anonymous_3)
FN:34,(anonymous_4)
FNF:5
FNH:5
FNDA:7,(anonymous_0)
FNDA:6,(anonymous_1)
FNDA:6,(anonymous_2)
FNDA:3,(anonymous_3)
FNDA:3,(anonymous_4)
DA:1,7
DA:2,7
DA:3,7
DA:4,7
DA:5,7
DA:7,7
DA:8,7
DA:13,7
DA:14,6
DA:15,6
DA:16,6
DA:17,6
DA:19,7
DA:20,6
DA:22,7
DA:23,3
DA:24,9
DA:25,9
DA:26,9
DA:27,9
DA:28,9
DA:29,9
DA:30,9
DA:31,9
DA:34,7
DA:35,3
DA:36,9
DA:37,9
DA:38,9
DA:39,9
DA:40,9
LF:31
LH:31
BRF:0
BRH:0
end_of_record
